<?xml version="1.0" encoding="UTF-8"?>
<!-- Generated by org.testng.reporters.JUnitXMLReporter -->
<testsuite ignored="5" hostname="IN-MH1LPW101884" failures="0" tests="1" name="Default test" time="32.347" errors="0" timestamp="2021-02-24T12:30:34 IST">
  <testcase classname="smapletest.loginTest" name="loginTest06" time="19.052"/>
  <testcase classname="smapletest.loginTest" name="loginTest02" time="0.0">
    <ignored/>
  </testcase> <!-- loginTest02 -->
  <testcase classname="smapletest.loginTest" name="loginTest04" time="0.0">
    <ignored/>
  </testcase> <!-- loginTest04 -->
  <testcase classname="smapletest.loginTest" name="loginTest01" time="0.0">
    <ignored/>
  </testcase> <!-- loginTest01 -->
  <testcase classname="smapletest.loginTest" name="loginTest03" time="0.0">
    <ignored/>
  </testcase> <!-- loginTest03 -->
  <testcase classname="smapletest.loginTest" name="loginTest05" time="0.0">
    <ignored/>
  </testcase> <!-- loginTest05 -->
</testsuite> <!-- Default test -->
