<?xml version="1.0" encoding="UTF-8"?>
<!-- Generated by org.testng.reporters.JUnitXMLReporter -->
<testsuite ignored="4" hostname="IN-MH1LPW101884" failures="0" tests="2" name="Default test" time="17.861" errors="0" timestamp="2021-02-25T12:35:04 IST">
  <testcase classname="smapletest.loginTest" name="loginTest01" time="14.101"/>
  <testcase classname="smapletest.loginTest" name="loginTest02" time="2.094"/>
  <testcase classname="smapletest.loginTest" name="loginTest04" time="0.0">
    <ignored/>
  </testcase> <!-- loginTest04 -->
  <testcase classname="smapletest.loginTest" name="loginTest06" time="0.0">
    <ignored/>
  </testcase> <!-- loginTest06 -->
  <testcase classname="smapletest.loginTest" name="loginTest03" time="0.0">
    <ignored/>
  </testcase> <!-- loginTest03 -->
  <testcase classname="smapletest.loginTest" name="loginTest05" time="0.0">
    <ignored/>
  </testcase> <!-- loginTest05 -->
</testsuite> <!-- Default test -->
