<?xml version="1.0" encoding="UTF-8"?>
<testng-results ignored="4" total="6" passed="2" failed="0" skipped="0">
  <reporter-output>
  </reporter-output>
  <suite started-at="2021-02-25T12:34:46 IST" name="Default suite" finished-at="2021-02-25T12:35:04 IST" duration-ms="17861">
    <groups>
    </groups>
    <test started-at="2021-02-25T12:34:46 IST" name="Default test" finished-at="2021-02-25T12:35:04 IST" duration-ms="17861">
      <class name="smapletest.loginTest">
        <test-method signature="loginTest01()[pri:0, instance:smapletest.loginTest@1eba372c]" started-at="2021-02-25T12:34:46 IST" name="loginTest01" finished-at="2021-02-25T12:35:00 IST" duration-ms="14101" status="PASS">
          <reporter-output>
          </reporter-output>
        </test-method> <!-- loginTest01 -->
        <test-method signature="loginTest02()[pri:0, instance:smapletest.loginTest@1eba372c]" started-at="2021-02-25T12:35:00 IST" name="loginTest02" finished-at="2021-02-25T12:35:02 IST" duration-ms="2094" status="PASS">
          <reporter-output>
          </reporter-output>
        </test-method> <!-- loginTest02 -->
        <test-method is-config="true" signature="tearDown()[pri:0, instance:smapletest.loginTest@1eba372c]" started-at="2021-02-25T12:35:02 IST" name="tearDown" finished-at="2021-02-25T12:35:04 IST" duration-ms="1572" status="PASS">
          <reporter-output>
          </reporter-output>
        </test-method> <!-- tearDown -->
      </class> <!-- smapletest.loginTest -->
    </test> <!-- Default test -->
  </suite> <!-- Default suite -->
</testng-results>
